[debug] [2022-04-25T15:39:03.286Z] ----------------------------------------------------------------------
[debug] [2022-04-25T15:39:03.290Z] Command:       C:\Program Files\nodejs\node.exe C:\Users\jaybzee\AppData\Roaming\npm\node_modules\firebase-tools\lib\bin\firebase.js init
[debug] [2022-04-25T15:39:03.290Z] CLI Version:   10.7.1
[debug] [2022-04-25T15:39:03.290Z] Platform:      win32
[debug] [2022-04-25T15:39:03.290Z] Node Version:  v16.13.1
[debug] [2022-04-25T15:39:03.292Z] Time:          Mon Apr 25 2022 16:39:03 GMT+0100 (West Africa Standard Time)
[debug] [2022-04-25T15:39:03.292Z] ----------------------------------------------------------------------
[debug] 
[debug] [2022-04-25T15:39:03.314Z] > command requires scopes: ["email","openid","https://www.googleapis.com/auth/cloudplatformprojects.readonly","https://www.googleapis.com/auth/firebase","https://www.googleapis.com/auth/cloud-platform"]
[debug] [2022-04-25T15:39:03.314Z] > authorizing via signed-in user (joshbot04@gmail.com)
[info] 
     ######## #### ########  ######## ########     ###     ######  ########
     ##        ##  ##     ## ##       ##     ##  ##   ##  ##       ##
     ######    ##  ########  ######   ########  #########  ######  ######
     ##        ##  ##    ##  ##       ##     ## ##     ##       ## ##
     ##       #### ##     ## ######## ########  ##     ##  ######  ########

You're about to initialize a Firebase project in this directory:

  C:\xampp\htdocs\New-Recipe-React-App\client

Before we get started, keep in mind:

  * You are currently outside your home directory

